# JRE version: Java(TM) SE Runtime Environment (8.0_45-b14) (build 1.8.0_45-b14)
# Java VM: Java HotSpot(TM) 64-Bit Server VM (25.45-b02 mixed mode windows-amd64 compressed oops)
Heap:
 PSYoungGen      total 147456K, used 71957K [0x000000076bb80000, 0x0000000775f80000, 0x00000007c0000000)
  eden space 135680K, 53% used [0x000000076bb80000,0x00000007701c54e0,0x0000000774000000)
  from space 11776K, 0% used [0x0000000774e00000,0x0000000774e00000,0x0000000775980000)
  to   space 14336K, 0% used [0x0000000774000000,0x0000000774000000,0x0000000774e00000)
 ParOldGen       total 97280K, used 35853K [0x00000006c3200000, 0x00000006c9100000, 0x000000076bb80000)
  object space 97280K, 36% used [0x00000006c3200000,0x00000006c5503788,0x00000006c9100000)
 Metaspace       used 60067K, capacity 63534K, committed 63704K, reserved 1103872K
  class space    used 8124K, capacity 8689K, committed 8704K, reserved 1048576K
GC Heap History (10 events):
Event: 7.942 GC heap before
{Heap before GC invocations=15 (full 2):
 PSYoungGen      total 147456K, used 141521K [0x000000076bb80000, 0x0000000775f80000, 0x00000007c0000000)
  eden space 135680K, 100% used [0x000000076bb80000,0x0000000774000000,0x0000000774000000)
  from space 11776K, 49% used [0x0000000774e00000,0x00000007753b4558,0x0000000775980000)
  to   space 14336K, 0% used [0x0000000774000000,0x0000000774000000,0x0000000774e00000)
 ParOldGen       total 97280K, used 18729K [0x00000006c3200000, 0x00000006c9100000, 0x000000076bb80000)
  object space 97280K, 19% used [0x00000006c3200000,0x00000006c444a640,0x00000006c9100000)
 Metaspace       used 43476K, capacity 45524K, committed 45824K, reserved 1089536K
  class space    used 5917K, capacity 6316K, committed 6400K, reserved 1048576K
Event: 7.948 GC heap after
Heap after GC invocations=15 (full 2):
 PSYoungGen      total 150016K, used 9138K [0x000000076bb80000, 0x0000000775f80000, 0x00000007c0000000)
  eden space 135680K, 0% used [0x000000076bb80000,0x000000076bb80000,0x0000000774000000)
  from space 14336K, 63% used [0x0000000774000000,0x00000007748eca30,0x0000000774e00000)
  to   space 11776K, 0% used [0x0000000774e00000,0x0000000774e00000,0x0000000775980000)
 ParOldGen       total 97280K, used 21410K [0x00000006c3200000, 0x00000006c9100000, 0x000000076bb80000)
  object space 97280K, 22% used [0x00000006c3200000,0x00000006c46e8b98,0x00000006c9100000)
 Metaspace       used 43476K, capacity 45524K, committed 45824K, reserved 1089536K
  class space    used 5917K, capacity 6316K, committed 6400K, reserved 1048576K
}
Event: 8.614 GC heap before
{Heap before GC invocations=16 (full 2):
 PSYoungGen      total 150016K, used 144818K [0x000000076bb80000, 0x0000000775f80000, 0x00000007c0000000)
  eden space 135680K, 100% used [0x000000076bb80000,0x0000000774000000,0x0000000774000000)
  from space 14336K, 63% used [0x0000000774000000,0x00000007748eca30,0x0000000774e00000)
  to   space 11776K, 0% used [0x0000000774e00000,0x0000000774e00000,0x0000000775980000)
 ParOldGen       total 97280K, used 21410K [0x00000006c3200000, 0x00000006c9100000, 0x000000076bb80000)
  object space 97280K, 22% used [0x00000006c3200000,0x00000006c46e8b98,0x00000006c9100000)
 Metaspace       used 49652K, capacity 52030K, committed 52224K, reserved 1093632K
  class space    used 6662K, capacity 7135K, committed 7168K, reserved 1048576K
Event: 8.622 GC heap after
Heap after GC invocations=16 (full 2):
 PSYoungGen      total 147456K, used 8804K [0x000000076bb80000, 0x0000000775f80000, 0x00000007c0000000)
  eden space 135680K, 0% used [0x000000076bb80000,0x000000076bb80000,0x0000000774000000)
  from space 11776K, 74% used [0x0000000774e00000,0x00000007756992e0,0x0000000775980000)
  to   space 14336K, 0% used [0x0000000774000000,0x0000000774000000,0x0000000774e00000)
 ParOldGen       total 97280K, used 26440K [0x00000006c3200000, 0x00000006c9100000, 0x000000076bb80000)
  object space 97280K, 27% used [0x00000006c3200000,0x00000006c4bd2030,0x00000006c9100000)
 Metaspace       used 49652K, capacity 52030K, committed 52224K, reserved 1093632K
  class space    used 6662K, capacity 7135K, committed 7168K, reserved 1048576K
}
Event: 9.189 GC heap before
{Heap before GC invocations=17 (full 2):
 PSYoungGen      total 147456K, used 144484K [0x000000076bb80000, 0x0000000775f80000, 0x00000007c0000000)
  eden space 135680K, 100% used [0x000000076bb80000,0x0000000774000000,0x0000000774000000)
  from space 11776K, 74% used [0x0000000774e00000,0x00000007756992e0,0x0000000775980000)
  to   space 14336K, 0% used [0x0000000774000000,0x0000000774000000,0x0000000774e00000)
 ParOldGen       total 97280K, used 26440K [0x00000006c3200000, 0x00000006c9100000, 0x000000076bb80000)
  object space 97280K, 27% used [0x00000006c3200000,0x00000006c4bd2030,0x00000006c9100000)
 Metaspace       used 53903K, capacity 57022K, committed 57344K, reserved 1099776K
  class space    used 7298K, capacity 7836K, committed 7936K, reserved 1048576K
Event: 9.197 GC heap after
Heap after GC invocations=17 (full 2):
 PSYoungGen      total 150016K, used 8291K [0x000000076bb80000, 0x0000000775f80000, 0x00000007c0000000)
  eden space 135680K, 0% used [0x000000076bb80000,0x000000076bb80000,0x0000000774000000)
  from space 14336K, 57% used [0x0000000774000000,0x0000000774818f78,0x0000000774e00000)
  to   space 11776K, 0% used [0x0000000774e00000,0x0000000774e00000,0x0000000775980000)
 ParOldGen       total 97280K, used 31565K [0x00000006c3200000, 0x00000006c9100000, 0x000000076bb80000)
  object space 97280K, 32% used [0x00000006c3200000,0x00000006c50d35a8,0x00000006c9100000)
 Metaspace       used 53903K, capacity 57022K, committed 57344K, reserved 1099776K
  class space    used 7298K, capacity 7836K, committed 7936K, reserved 1048576K
}
Event: 10.742 GC heap before
{Heap before GC invocations=18 (full 2):
 PSYoungGen      total 150016K, used 62737K [0x000000076bb80000, 0x0000000775f80000, 0x00000007c0000000)
  eden space 135680K, 40% used [0x000000076bb80000,0x000000076f0ab878,0x0000000774000000)
  from space 14336K, 57% used [0x0000000774000000,0x0000000774818f78,0x0000000774e00000)
  to   space 11776K, 0% used [0x0000000774e00000,0x0000000774e00000,0x0000000775980000)
 ParOldGen       total 97280K, used 31565K [0x00000006c3200000, 0x00000006c9100000, 0x000000076bb80000)
  object space 97280K, 32% used [0x00000006c3200000,0x00000006c50d35a8,0x00000006c9100000)
 Metaspace       used 55939K, capacity 59068K, committed 59096K, reserved 1099776K
  class space    used 7632K, capacity 8177K, committed 8192K, reserved 1048576K
Event: 10.748 GC heap after
Heap after GC invocations=18 (full 2):
 PSYoungGen      total 147456K, used 3116K [0x000000076bb80000, 0x0000000775f80000, 0x00000007c0000000)
  eden space 135680K, 0% used [0x000000076bb80000,0x000000076bb80000,0x0000000774000000)
  from space 11776K, 26% used [0x0000000774e00000,0x000000077510b0a8,0x0000000775980000)
  to   space 14336K, 0% used [0x0000000774000000,0x0000000774000000,0x0000000774e00000)
 ParOldGen       total 97280K, used 36545K [0x00000006c3200000, 0x00000006c9100000, 0x000000076bb80000)
  object space 97280K, 37% used [0x00000006c3200000,0x00000006c55b0698,0x00000006c9100000)
 Metaspace       used 55939K, capacity 59068K, committed 59096K, reserved 1099776K
  class space    used 7632K, capacity 8177K, committed 8192K, reserved 1048576K
}
Event: 10.748 GC heap before
{Heap before GC invocations=19 (full 3):
 PSYoungGen      total 147456K, used 3116K [0x000000076bb80000, 0x0000000775f80000, 0x00000007c0000000)
  eden space 135680K, 0% used [0x000000076bb80000,0x000000076bb80000,0x0000000774000000)
  from space 11776K, 26% used [0x0000000774e00000,0x000000077510b0a8,0x0000000775980000)
  to   space 14336K, 0% used [0x0000000774000000,0x0000000774000000,0x0000000774e00000)
 ParOldGen       total 97280K, used 36545K [0x00000006c3200000, 0x00000006c9100000, 0x000000076bb80000)
  object space 97280K, 37% used [0x00000006c3200000,0x00000006c55b0698,0x00000006c9100000)
 Metaspace       used 55939K, capacity 59068K, committed 59096K, reserved 1099776K
  class space    used 7632K, capacity 8177K, committed 8192K, reserved 1048576K
Event: 10.898 GC heap after
Heap after GC invocations=19 (full 3):
 PSYoungGen      total 147456K, used 0K [0x000000076bb80000, 0x0000000775f80000, 0x00000007c0000000)
  eden space 135680K, 0% used [0x000000076bb80000,0x000000076bb80000,0x0000000774000000)
  from space 11776K, 0% used [0x0000000774e00000,0x0000000774e00000,0x0000000775980000)
  to   space 14336K, 0% used [0x0000000774000000,0x0000000774000000,0x0000000774e00000)
 ParOldGen       total 97280K, used 35853K [0x00000006c3200000, 0x00000006c9100000, 0x000000076bb80000)
  object space 97280K, 36% used [0x00000006c3200000,0x00000006c5503788,0x00000006c9100000)
 Metaspace       used 55939K, capacity 59068K, committed 59096K, reserved 1099776K
  class space    used 7632K, capacity 8177K, committed 8192K, reserved 1048576K
}

