# JRE version: Java(TM) SE Runtime Environment (8.0_45-b14) (build 1.8.0_45-b14)
# Java VM: Java HotSpot(TM) 64-Bit Server VM (25.45-b02 mixed mode windows-amd64 compressed oops)
Heap:
 PSYoungGen      total 338944K, used 241808K [0x000000076bb80000, 0x0000000786e80000, 0x00000007c0000000)
  eden space 326656K, 74% used [0x000000076bb80000,0x000000077a7a40d8,0x000000077fa80000)
  from space 12288K, 0% used [0x0000000780800000,0x0000000780800000,0x0000000781400000)
  to   space 13824K, 0% used [0x000000077fa80000,0x000000077fa80000,0x0000000780800000)
 ParOldGen       total 144384K, used 18366K [0x00000006c3200000, 0x00000006cbf00000, 0x000000076bb80000)
  object space 144384K, 12% used [0x00000006c3200000,0x00000006c43ef868,0x00000006cbf00000)
 Metaspace       used 41725K, capacity 43512K, committed 43776K, reserved 1089536K
  class space    used 5533K, capacity 5872K, committed 5888K, reserved 1048576K
GC Heap History (10 events):
Event: 1.762 GC heap before
{Heap before GC invocations=6 (full 1):
 PSYoungGen      total 140800K, used 8269K [0x000000076bb80000, 0x000000077c980000, 0x00000007c0000000)
  eden space 130048K, 0% used [0x000000076bb80000,0x000000076bb80000,0x0000000773a80000)
  from space 10752K, 76% used [0x0000000773a80000,0x0000000774293438,0x0000000774500000)
  to   space 8192K, 0% used [0x000000077c180000,0x000000077c180000,0x000000077c980000)
 ParOldGen       total 173568K, used 112K [0x00000006c3200000, 0x00000006cdb80000, 0x000000076bb80000)
  object space 173568K, 0% used [0x00000006c3200000,0x00000006c321c010,0x00000006cdb80000)
 Metaspace       used 20757K, capacity 21192K, committed 21296K, reserved 1067008K
  class space    used 2738K, capacity 2890K, committed 2944K, reserved 1048576K
Event: 1.781 GC heap after
Heap after GC invocations=6 (full 1):
 PSYoungGen      total 140800K, used 0K [0x000000076bb80000, 0x000000077c980000, 0x00000007c0000000)
  eden space 130048K, 0% used [0x000000076bb80000,0x000000076bb80000,0x0000000773a80000)
  from space 10752K, 0% used [0x0000000773a80000,0x0000000773a80000,0x0000000774500000)
  to   space 8192K, 0% used [0x000000077c180000,0x000000077c180000,0x000000077c980000)
 ParOldGen       total 95744K, used 8017K [0x00000006c3200000, 0x00000006c8f80000, 0x000000076bb80000)
  object space 95744K, 8% used [0x00000006c3200000,0x00000006c39d45e8,0x00000006c8f80000)
 Metaspace       used 20755K, capacity 21186K, committed 21296K, reserved 1067008K
  class space    used 2738K, capacity 2889K, committed 2944K, reserved 1048576K
}
Event: 4.294 GC heap before
{Heap before GC invocations=7 (full 1):
 PSYoungGen      total 140800K, used 130048K [0x000000076bb80000, 0x000000077c980000, 0x00000007c0000000)
  eden space 130048K, 100% used [0x000000076bb80000,0x0000000773a80000,0x0000000773a80000)
  from space 10752K, 0% used [0x0000000773a80000,0x0000000773a80000,0x0000000774500000)
  to   space 8192K, 0% used [0x000000077c180000,0x000000077c180000,0x000000077c980000)
 ParOldGen       total 95744K, used 8017K [0x00000006c3200000, 0x00000006c8f80000, 0x000000076bb80000)
  object space 95744K, 8% used [0x00000006c3200000,0x00000006c39d45e8,0x00000006c8f80000)
 Metaspace       used 25941K, capacity 26814K, committed 27136K, reserved 1073152K
  class space    used 3502K, capacity 3741K, committed 3840K, reserved 1048576K
Event: 4.298 GC heap after
Heap after GC invocations=7 (full 1):
 PSYoungGen      total 214016K, used 6564K [0x000000076bb80000, 0x000000077c800000, 0x00000007c0000000)
  eden space 207360K, 0% used [0x000000076bb80000,0x000000076bb80000,0x0000000778600000)
  from space 6656K, 98% used [0x000000077c180000,0x000000077c7e90f0,0x000000077c800000)
  to   space 8192K, 0% used [0x000000077b800000,0x000000077b800000,0x000000077c000000)
 ParOldGen       total 95744K, used 8025K [0x00000006c3200000, 0x00000006c8f80000, 0x000000076bb80000)
  object space 95744K, 8% used [0x00000006c3200000,0x00000006c39d65e8,0x00000006c8f80000)
 Metaspace       used 25941K, capacity 26814K, committed 27136K, reserved 1073152K
  class space    used 3502K, capacity 3741K, committed 3840K, reserved 1048576K
}
Event: 4.936 GC heap before
{Heap before GC invocations=8 (full 1):
 PSYoungGen      total 214016K, used 213924K [0x000000076bb80000, 0x000000077c800000, 0x00000007c0000000)
  eden space 207360K, 100% used [0x000000076bb80000,0x0000000778600000,0x0000000778600000)
  from space 6656K, 98% used [0x000000077c180000,0x000000077c7e90f0,0x000000077c800000)
  to   space 8192K, 0% used [0x000000077b800000,0x000000077b800000,0x000000077c000000)
 ParOldGen       total 95744K, used 8025K [0x00000006c3200000, 0x00000006c8f80000, 0x000000076bb80000)
  object space 95744K, 8% used [0x00000006c3200000,0x00000006c39d65e8,0x00000006c8f80000)
 Metaspace       used 30884K, capacity 31924K, committed 32128K, reserved 1077248K
  class space    used 4206K, capacity 4434K, committed 4480K, reserved 1048576K
Event: 4.945 GC heap after
Heap after GC invocations=8 (full 1):
 PSYoungGen      total 266752K, used 8180K [0x000000076bb80000, 0x0000000781400000, 0x00000007c0000000)
  eden space 258560K, 0% used [0x000000076bb80000,0x000000076bb80000,0x000000077b800000)
  from space 8192K, 99% used [0x000000077b800000,0x000000077bffd030,0x000000077c000000)
  to   space 12288K, 0% used [0x0000000780800000,0x0000000780800000,0x0000000781400000)
 ParOldGen       total 95744K, used 15059K [0x00000006c3200000, 0x00000006c8f80000, 0x000000076bb80000)
  object space 95744K, 15% used [0x00000006c3200000,0x00000006c40b4c38,0x00000006c8f80000)
 Metaspace       used 30884K, capacity 31924K, committed 32128K, reserved 1077248K
  class space    used 4206K, capacity 4434K, committed 4480K, reserved 1048576K
}
Event: 5.243 GC heap before
{Heap before GC invocations=9 (full 1):
 PSYoungGen      total 266752K, used 89741K [0x000000076bb80000, 0x0000000781400000, 0x00000007c0000000)
  eden space 258560K, 31% used [0x000000076bb80000,0x0000000770b264c8,0x000000077b800000)
  from space 8192K, 99% used [0x000000077b800000,0x000000077bffd030,0x000000077c000000)
  to   space 12288K, 0% used [0x0000000780800000,0x0000000780800000,0x0000000781400000)
 ParOldGen       total 95744K, used 15059K [0x00000006c3200000, 0x00000006c8f80000, 0x000000076bb80000)
  object space 95744K, 15% used [0x00000006c3200000,0x00000006c40b4c38,0x00000006c8f80000)
 Metaspace       used 34173K, capacity 35314K, committed 35456K, reserved 1079296K
  class space    used 4612K, capacity 4867K, committed 4992K, reserved 1048576K
Event: 5.251 GC heap after
Heap after GC invocations=9 (full 1):
 PSYoungGen      total 338944K, used 12258K [0x000000076bb80000, 0x0000000786e80000, 0x00000007c0000000)
  eden space 326656K, 0% used [0x000000076bb80000,0x000000076bb80000,0x000000077fa80000)
  from space 12288K, 99% used [0x0000000780800000,0x00000007813f8b60,0x0000000781400000)
  to   space 13824K, 0% used [0x000000077fa80000,0x000000077fa80000,0x0000000780800000)
 ParOldGen       total 95744K, used 15689K [0x00000006c3200000, 0x00000006c8f80000, 0x000000076bb80000)
  object space 95744K, 16% used [0x00000006c3200000,0x00000006c4152788,0x00000006c8f80000)
 Metaspace       used 34173K, capacity 35314K, committed 35456K, reserved 1079296K
  class space    used 4612K, capacity 4867K, committed 4992K, reserved 1048576K
}
Event: 5.251 GC heap before
{Heap before GC invocations=10 (full 2):
 PSYoungGen      total 338944K, used 12258K [0x000000076bb80000, 0x0000000786e80000, 0x00000007c0000000)
  eden space 326656K, 0% used [0x000000076bb80000,0x000000076bb80000,0x000000077fa80000)
  from space 12288K, 99% used [0x0000000780800000,0x00000007813f8b60,0x0000000781400000)
  to   space 13824K, 0% used [0x000000077fa80000,0x000000077fa80000,0x0000000780800000)
 ParOldGen       total 95744K, used 15689K [0x00000006c3200000, 0x00000006c8f80000, 0x000000076bb80000)
  object space 95744K, 16% used [0x00000006c3200000,0x00000006c4152788,0x00000006c8f80000)
 Metaspace       used 34173K, capacity 35314K, committed 35456K, reserved 1079296K
  class space    used 4612K, capacity 4867K, committed 4992K, reserved 1048576K
Event: 5.292 GC heap after
Heap after GC invocations=10 (full 2):
 PSYoungGen      total 338944K, used 0K [0x000000076bb80000, 0x0000000786e80000, 0x00000007c0000000)
  eden space 326656K, 0% used [0x000000076bb80000,0x000000076bb80000,0x000000077fa80000)
  from space 12288K, 0% used [0x0000000780800000,0x0000000780800000,0x0000000781400000)
  to   space 13824K, 0% used [0x000000077fa80000,0x000000077fa80000,0x0000000780800000)
 ParOldGen       total 144384K, used 18366K [0x00000006c3200000, 0x00000006cbf00000, 0x000000076bb80000)
  object space 144384K, 12% used [0x00000006c3200000,0x00000006c43ef868,0x00000006cbf00000)
 Metaspace       used 34173K, capacity 35314K, committed 35456K, reserved 1079296K
  class space    used 4612K, capacity 4867K, committed 4992K, reserved 1048576K
}

