# JRE version: Java(TM) SE Runtime Environment (8.0_45-b14) (build 1.8.0_45-b14)
# Java VM: Java HotSpot(TM) 64-Bit Server VM (25.45-b02 mixed mode windows-amd64 compressed oops)
Heap:
 PSYoungGen      total 154112K, used 71121K [0x000000076bb80000, 0x0000000776080000, 0x00000007c0000000)
  eden space 142848K, 45% used [0x000000076bb80000,0x000000076fb00140,0x0000000774700000)
  from space 11264K, 54% used [0x0000000775300000,0x00000007758f45e0,0x0000000775e00000)
  to   space 12288K, 0% used [0x0000000774700000,0x0000000774700000,0x0000000775300000)
 ParOldGen       total 138752K, used 19156K [0x00000006c3200000, 0x00000006cb980000, 0x000000076bb80000)
  object space 138752K, 13% used [0x00000006c3200000,0x00000006c44b5160,0x00000006cb980000)
 Metaspace       used 40400K, capacity 42372K, committed 42536K, reserved 1085440K
  class space    used 5522K, capacity 5896K, committed 5928K, reserved 1048576K
GC Heap History (10 events):
Event: 4.867 GC heap before
{Heap before GC invocations=10 (full 1):
 PSYoungGen      total 112640K, used 112309K [0x000000076bb80000, 0x0000000773500000, 0x00000007c0000000)
  eden space 103936K, 100% used [0x000000076bb80000,0x0000000772100000,0x0000000772100000)
  from space 8704K, 96% used [0x0000000772a00000,0x000000077322d450,0x0000000773280000)
  to   space 9216K, 0% used [0x0000000772100000,0x0000000772100000,0x0000000772a00000)
 ParOldGen       total 94208K, used 7439K [0x00000006c3200000, 0x00000006c8e00000, 0x000000076bb80000)
  object space 94208K, 7% used [0x00000006c3200000,0x00000006c3943f28,0x00000006c8e00000)
 Metaspace       used 29064K, capacity 30120K, committed 30384K, reserved 1075200K
  class space    used 3942K, capacity 4168K, committed 4272K, reserved 1048576K
Event: 4.879 GC heap after
Heap after GC invocations=10 (full 1):
 PSYoungGen      total 113152K, used 9210K [0x000000076bb80000, 0x0000000775e00000, 0x00000007c0000000)
  eden space 103936K, 0% used [0x000000076bb80000,0x000000076bb80000,0x0000000772100000)
  from space 9216K, 99% used [0x0000000772100000,0x00000007729fe848,0x0000000772a00000)
  to   space 11264K, 0% used [0x0000000775300000,0x0000000775300000,0x0000000775e00000)
 ParOldGen       total 94208K, used 10690K [0x00000006c3200000, 0x00000006c8e00000, 0x000000076bb80000)
  object space 94208K, 11% used [0x00000006c3200000,0x00000006c3c70818,0x00000006c8e00000)
 Metaspace       used 29064K, capacity 30120K, committed 30384K, reserved 1075200K
  class space    used 3942K, capacity 4168K, committed 4272K, reserved 1048576K
}
Event: 5.279 GC heap before
{Heap before GC invocations=11 (full 1):
 PSYoungGen      total 113152K, used 113146K [0x000000076bb80000, 0x0000000775e00000, 0x00000007c0000000)
  eden space 103936K, 100% used [0x000000076bb80000,0x0000000772100000,0x0000000772100000)
  from space 9216K, 99% used [0x0000000772100000,0x00000007729fe848,0x0000000772a00000)
  to   space 11264K, 0% used [0x0000000775300000,0x0000000775300000,0x0000000775e00000)
 ParOldGen       total 94208K, used 10690K [0x00000006c3200000, 0x00000006c8e00000, 0x000000076bb80000)
  object space 94208K, 11% used [0x00000006c3200000,0x00000006c3c70818,0x00000006c8e00000)
 Metaspace       used 32075K, capacity 33324K, committed 33456K, reserved 1077248K
  class space    used 4426K, capacity 4696K, committed 4784K, reserved 1048576K
Event: 5.289 GC heap after
Heap after GC invocations=11 (full 1):
 PSYoungGen      total 154112K, used 10059K [0x000000076bb80000, 0x0000000776080000, 0x00000007c0000000)
  eden space 142848K, 0% used [0x000000076bb80000,0x000000076bb80000,0x0000000774700000)
  from space 11264K, 89% used [0x0000000775300000,0x0000000775cd2d38,0x0000000775e00000)
  to   space 12288K, 0% used [0x0000000774700000,0x0000000774700000,0x0000000775300000)
 ParOldGen       total 94208K, used 14110K [0x00000006c3200000, 0x00000006c8e00000, 0x000000076bb80000)
  object space 94208K, 14% used [0x00000006c3200000,0x00000006c3fc7858,0x00000006c8e00000)
 Metaspace       used 32075K, capacity 33324K, committed 33456K, reserved 1077248K
  class space    used 4426K, capacity 4696K, committed 4784K, reserved 1048576K
}
Event: 5.547 GC heap before
{Heap before GC invocations=12 (full 1):
 PSYoungGen      total 154112K, used 67112K [0x000000076bb80000, 0x0000000776080000, 0x00000007c0000000)
  eden space 142848K, 39% used [0x000000076bb80000,0x000000076f3376b8,0x0000000774700000)
  from space 11264K, 89% used [0x0000000775300000,0x0000000775cd2d38,0x0000000775e00000)
  to   space 12288K, 0% used [0x0000000774700000,0x0000000774700000,0x0000000775300000)
 ParOldGen       total 94208K, used 14110K [0x00000006c3200000, 0x00000006c8e00000, 0x000000076bb80000)
  object space 94208K, 14% used [0x00000006c3200000,0x00000006c3fc7858,0x00000006c8e00000)
 Metaspace       used 34135K, capacity 35358K, committed 35496K, reserved 1079296K
  class space    used 4670K, capacity 4935K, committed 5032K, reserved 1048576K
Event: 5.555 GC heap after
Heap after GC invocations=12 (full 1):
 PSYoungGen      total 155136K, used 3618K [0x000000076bb80000, 0x0000000776080000, 0x00000007c0000000)
  eden space 142848K, 0% used [0x000000076bb80000,0x000000076bb80000,0x0000000774700000)
  from space 12288K, 29% used [0x0000000774700000,0x0000000774a88a10,0x0000000775300000)
  to   space 11264K, 0% used [0x0000000775300000,0x0000000775300000,0x0000000775e00000)
 ParOldGen       total 94208K, used 20005K [0x00000006c3200000, 0x00000006c8e00000, 0x000000076bb80000)
  object space 94208K, 21% used [0x00000006c3200000,0x00000006c4589538,0x00000006c8e00000)
 Metaspace       used 34135K, capacity 35358K, committed 35496K, reserved 1079296K
  class space    used 4670K, capacity 4935K, committed 5032K, reserved 1048576K
}
Event: 5.555 GC heap before
{Heap before GC invocations=13 (full 2):
 PSYoungGen      total 155136K, used 3618K [0x000000076bb80000, 0x0000000776080000, 0x00000007c0000000)
  eden space 142848K, 0% used [0x000000076bb80000,0x000000076bb80000,0x0000000774700000)
  from space 12288K, 29% used [0x0000000774700000,0x0000000774a88a10,0x0000000775300000)
  to   space 11264K, 0% used [0x0000000775300000,0x0000000775300000,0x0000000775e00000)
 ParOldGen       total 94208K, used 20005K [0x00000006c3200000, 0x00000006c8e00000, 0x000000076bb80000)
  object space 94208K, 21% used [0x00000006c3200000,0x00000006c4589538,0x00000006c8e00000)
 Metaspace       used 34135K, capacity 35358K, committed 35496K, reserved 1079296K
  class space    used 4670K, capacity 4935K, committed 5032K, reserved 1048576K
Event: 5.600 GC heap after
Heap after GC invocations=13 (full 2):
 PSYoungGen      total 155136K, used 0K [0x000000076bb80000, 0x0000000776080000, 0x00000007c0000000)
  eden space 142848K, 0% used [0x000000076bb80000,0x000000076bb80000,0x0000000774700000)
  from space 12288K, 0% used [0x0000000774700000,0x0000000774700000,0x0000000775300000)
  to   space 11264K, 0% used [0x0000000775300000,0x0000000775300000,0x0000000775e00000)
 ParOldGen       total 138752K, used 19148K [0x00000006c3200000, 0x00000006cb980000, 0x000000076bb80000)
  object space 138752K, 13% used [0x00000006c3200000,0x00000006c44b3160,0x00000006cb980000)
 Metaspace       used 34135K, capacity 35358K, committed 35496K, reserved 1079296K
  class space    used 4670K, capacity 4935K, committed 5032K, reserved 1048576K
}
Event: 6.199 GC heap before
{Heap before GC invocations=14 (full 2):
 PSYoungGen      total 155136K, used 142848K [0x000000076bb80000, 0x0000000776080000, 0x00000007c0000000)
  eden space 142848K, 100% used [0x000000076bb80000,0x0000000774700000,0x0000000774700000)
  from space 12288K, 0% used [0x0000000774700000,0x0000000774700000,0x0000000775300000)
  to   space 11264K, 0% used [0x0000000775300000,0x0000000775300000,0x0000000775e00000)
 ParOldGen       total 138752K, used 19148K [0x00000006c3200000, 0x00000006cb980000, 0x000000076bb80000)
  object space 138752K, 13% used [0x00000006c3200000,0x00000006c44b3160,0x00000006cb980000)
 Metaspace       used 37774K, capacity 39484K, committed 39592K, reserved 1083392K
  class space    used 5143K, capacity 5468K, committed 5544K, reserved 1048576K
Event: 6.205 GC heap after
Heap after GC invocations=14 (full 2):
 PSYoungGen      total 154112K, used 6097K [0x000000076bb80000, 0x0000000776080000, 0x00000007c0000000)
  eden space 142848K, 0% used [0x000000076bb80000,0x000000076bb80000,0x0000000774700000)
  from space 11264K, 54% used [0x0000000775300000,0x00000007758f45e0,0x0000000775e00000)
  to   space 12288K, 0% used [0x0000000774700000,0x0000000774700000,0x0000000775300000)
 ParOldGen       total 138752K, used 19156K [0x00000006c3200000, 0x00000006cb980000, 0x000000076bb80000)
  object space 138752K, 13% used [0x00000006c3200000,0x00000006c44b5160,0x00000006cb980000)
 Metaspace       used 37774K, capacity 39484K, committed 39592K, reserved 1083392K
  class space    used 5143K, capacity 5468K, committed 5544K, reserved 1048576K
}

